0 info it worked if it ends with ok
1 verbose cli [ 'node', '/usr/local/bin/npm', 'run', 'test' ]
2 info using npm@2.1.17
3 info using node@v0.10.30
4 verbose node symlink /usr/local/bin/node
5 verbose run-script [ 'pretest', 'test', 'posttest' ]
6 info pretest human@1.0.0
7 info test human@1.0.0
8 verbose unsafe-perm in lifecycle true
9 info human@1.0.0 Failed to exec test script
10 verbose stack Error: human@1.0.0 test: `echo "Error: no test specified" && exit 1`
10 verbose stack Exit status 1
10 verbose stack     at EventEmitter.<anonymous> (/usr/local/lib/node_modules/npm/lib/utils/lifecycle.js:212:16)
10 verbose stack     at EventEmitter.emit (events.js:98:17)
10 verbose stack     at ChildProcess.<anonymous> (/usr/local/lib/node_modules/npm/lib/utils/spawn.js:14:12)
10 verbose stack     at ChildProcess.emit (events.js:98:17)
10 verbose stack     at maybeClose (child_process.js:756:16)
10 verbose stack     at Process.ChildProcess._handle.onexit (child_process.js:823:5)
11 verbose pkgid human@1.0.0
12 verbose cwd /Users/hstarikov/Desktop/human
13 error Darwin 14.1.0
14 error argv "node" "/usr/local/bin/npm" "run" "test"
15 error node v0.10.30
16 error npm  v2.1.17
17 error code ELIFECYCLE
18 error human@1.0.0 test: `echo "Error: no test specified" && exit 1`
18 error Exit status 1
19 error Failed at the human@1.0.0 test script 'echo "Error: no test specified" && exit 1'.
19 error This is most likely a problem with the human package,
19 error not with npm itself.
19 error Tell the author that this fails on your system:
19 error     echo "Error: no test specified" && exit 1
19 error You can get their info via:
19 error     npm owner ls human
19 error There is likely additional logging output above.
20 verbose exit [ 1, true ]
